[2017-07-05 14:14:44.963] [INFO] pomelo - [32m[F:\gitHub\HotchIMSocket\node_modules\pomelo\lib\application.js] [39mapplication inited: "connector-server-1"
[2017-07-05 14:14:45.284] [INFO] pomelo - [32m[F:\gitHub\HotchIMSocket\node_modules\pomelo\lib\application.js] [39m"connector-server-1" enter after start...
[2017-07-05 14:14:45.288] [INFO] pomelo - [32m[F:\gitHub\HotchIMSocket\node_modules\pomelo\lib\application.js] [39m"connector-server-1" finish start
[2017-07-05 14:14:45.288] [INFO] pomelo - [32m[F:\gitHub\HotchIMSocket\node_modules\pomelo\lib\application.js] [39m"connector-server-1" startup in 270 ms
[2017-07-05 14:18:14.457] [INFO] pomelo - [32m[F:\gitHub\HotchIMSocket\node_modules\pomelo\lib\application.js] [39mapplication inited: "connector-server-1"
[2017-07-05 14:18:14.786] [INFO] pomelo - [32m[F:\gitHub\HotchIMSocket\node_modules\pomelo\lib\application.js] [39m"connector-server-1" enter after start...
[2017-07-05 14:18:14.789] [INFO] pomelo - [32m[F:\gitHub\HotchIMSocket\node_modules\pomelo\lib\application.js] [39m"connector-server-1" finish start
[2017-07-05 14:18:14.790] [INFO] pomelo - [32m[F:\gitHub\HotchIMSocket\node_modules\pomelo\lib\application.js] [39m"connector-server-1" startup in 275 ms
[2017-07-05 14:18:15.720] [DEBUG] pomelo - [36m[F:\gitHub\HotchIMSocket\node_modules\pomelo\lib\modules\monitorwatcher.js] [39m[connector-server-1] receive addServer signal: {"action":"addServer","server":{"main":"F:\\gitHub\\HotchIMSocket\\app.js","env":"development","id":"chat-server-1","host":"169.254.108.40","port":6050,"serverType":"chat"}}
[2017-07-05 14:18:20.358] [INFO] pomelo - [32m[F:\gitHub\HotchIMSocket\node_modules\pomelo\lib\application.js] [39mapplication inited: "connector-server-1"
[2017-07-05 14:18:20.695] [INFO] pomelo - [32m[F:\gitHub\HotchIMSocket\node_modules\pomelo\lib\application.js] [39m"connector-server-1" enter after start...
[2017-07-05 14:18:20.699] [INFO] pomelo - [32m[F:\gitHub\HotchIMSocket\node_modules\pomelo\lib\application.js] [39m"connector-server-1" finish start
[2017-07-05 14:18:20.699] [INFO] pomelo - [32m[F:\gitHub\HotchIMSocket\node_modules\pomelo\lib\application.js] [39m"connector-server-1" startup in 283 ms
[2017-07-05 14:18:21.626] [DEBUG] pomelo - [36m[F:\gitHub\HotchIMSocket\node_modules\pomelo\lib\modules\monitorwatcher.js] [39m[connector-server-1] receive addServer signal: {"action":"addServer","server":{"main":"F:\\gitHub\\HotchIMSocket\\app.js","env":"development","id":"chat-server-1","host":"169.254.108.40","port":6050,"serverType":"chat"}}
[2017-07-05 14:19:08.851] [INFO] pomelo - [32m[F:\gitHub\HotchIMSocket\node_modules\pomelo\lib\application.js] [39mapplication inited: "connector-server-1"
[2017-07-05 14:19:09.187] [INFO] pomelo - [32m[F:\gitHub\HotchIMSocket\node_modules\pomelo\lib\application.js] [39m"connector-server-1" enter after start...
[2017-07-05 14:19:09.190] [INFO] pomelo - [32m[F:\gitHub\HotchIMSocket\node_modules\pomelo\lib\application.js] [39m"connector-server-1" finish start
[2017-07-05 14:19:09.191] [INFO] pomelo - [32m[F:\gitHub\HotchIMSocket\node_modules\pomelo\lib\application.js] [39m"connector-server-1" startup in 279 ms
[2017-07-05 14:19:10.121] [DEBUG] pomelo - [36m[F:\gitHub\HotchIMSocket\node_modules\pomelo\lib\modules\monitorwatcher.js] [39m[connector-server-1] receive addServer signal: {"action":"addServer","server":{"main":"F:\\gitHub\\HotchIMSocket\\app.js","env":"development","id":"chat-server-1","host":"169.254.108.40","port":6050,"serverType":"chat"}}
[2017-07-05 14:19:12.208] [INFO] pomelo - [32m[F:\gitHub\HotchIMSocket\node_modules\pomelo\lib\application.js] [39mapplication inited: "connector-server-1"
[2017-07-05 14:19:12.541] [INFO] pomelo - [32m[F:\gitHub\HotchIMSocket\node_modules\pomelo\lib\application.js] [39m"connector-server-1" enter after start...
[2017-07-05 14:19:12.544] [INFO] pomelo - [32m[F:\gitHub\HotchIMSocket\node_modules\pomelo\lib\application.js] [39m"connector-server-1" finish start
[2017-07-05 14:19:12.545] [INFO] pomelo - [32m[F:\gitHub\HotchIMSocket\node_modules\pomelo\lib\application.js] [39m"connector-server-1" startup in 280 ms
[2017-07-05 14:20:10.174] [INFO] pomelo - [32m[F:\gitHub\HotchIMSocket\node_modules\pomelo\lib\application.js] [39mapplication inited: "connector-server-1"
[2017-07-05 14:20:10.503] [INFO] pomelo - [32m[F:\gitHub\HotchIMSocket\node_modules\pomelo\lib\application.js] [39m"connector-server-1" enter after start...
[2017-07-05 14:20:10.506] [INFO] pomelo - [32m[F:\gitHub\HotchIMSocket\node_modules\pomelo\lib\application.js] [39m"connector-server-1" finish start
[2017-07-05 14:20:10.506] [INFO] pomelo - [32m[F:\gitHub\HotchIMSocket\node_modules\pomelo\lib\application.js] [39m"connector-server-1" startup in 276 ms
[2017-07-05 14:20:11.437] [DEBUG] pomelo - [36m[F:\gitHub\HotchIMSocket\node_modules\pomelo\lib\modules\monitorwatcher.js] [39m[connector-server-1] receive addServer signal: {"action":"addServer","server":{"main":"F:\\gitHub\\HotchIMSocket\\app.js","env":"development","id":"chat-server-1","host":"169.254.108.40","port":6050,"serverType":"chat"}}
[2017-07-05 14:20:40.509] [INFO] pomelo - [32m[F:\gitHub\HotchIMSocket\node_modules\pomelo\lib\application.js] [39mapplication inited: "connector-server-1"
[2017-07-05 14:20:40.832] [INFO] pomelo - [32m[F:\gitHub\HotchIMSocket\node_modules\pomelo\lib\application.js] [39m"connector-server-1" enter after start...
[2017-07-05 14:20:40.835] [INFO] pomelo - [32m[F:\gitHub\HotchIMSocket\node_modules\pomelo\lib\application.js] [39m"connector-server-1" finish start
[2017-07-05 14:20:40.836] [INFO] pomelo - [32m[F:\gitHub\HotchIMSocket\node_modules\pomelo\lib\application.js] [39m"connector-server-1" startup in 271 ms
[2017-07-05 14:21:12.784] [INFO] pomelo - [32m[F:\gitHub\HotchIMSocket\node_modules\pomelo\lib\application.js] [39mapplication inited: "connector-server-1"
[2017-07-05 14:21:13.100] [INFO] pomelo - [32m[F:\gitHub\HotchIMSocket\node_modules\pomelo\lib\application.js] [39m"connector-server-1" enter after start...
[2017-07-05 14:21:13.103] [INFO] pomelo - [32m[F:\gitHub\HotchIMSocket\node_modules\pomelo\lib\application.js] [39m"connector-server-1" finish start
[2017-07-05 14:21:13.103] [INFO] pomelo - [32m[F:\gitHub\HotchIMSocket\node_modules\pomelo\lib\application.js] [39m"connector-server-1" startup in 265 ms
[2017-07-05 14:22:08.903] [INFO] pomelo - [32m[F:\gitHub\HotchIMSocket\node_modules\pomelo\lib\application.js] [39mapplication inited: "connector-server-1"
[2017-07-05 14:22:09.238] [INFO] pomelo - [32m[F:\gitHub\HotchIMSocket\node_modules\pomelo\lib\application.js] [39m"connector-server-1" enter after start...
[2017-07-05 14:22:09.241] [INFO] pomelo - [32m[F:\gitHub\HotchIMSocket\node_modules\pomelo\lib\application.js] [39m"connector-server-1" finish start
[2017-07-05 14:22:09.242] [INFO] pomelo - [32m[F:\gitHub\HotchIMSocket\node_modules\pomelo\lib\application.js] [39m"connector-server-1" startup in 278 ms
[2017-07-05 14:23:58.520] [INFO] pomelo - [32m[F:\gitHub\HotchIMSocket\node_modules\pomelo\lib\application.js] [39mapplication inited: "connector-server-1"
[2017-07-05 14:23:58.845] [INFO] pomelo - [32m[F:\gitHub\HotchIMSocket\node_modules\pomelo\lib\application.js] [39m"connector-server-1" enter after start...
[2017-07-05 14:23:58.848] [INFO] pomelo - [32m[F:\gitHub\HotchIMSocket\node_modules\pomelo\lib\application.js] [39m"connector-server-1" finish start
[2017-07-05 14:23:58.850] [INFO] pomelo - [32m[F:\gitHub\HotchIMSocket\node_modules\pomelo\lib\application.js] [39m"connector-server-1" startup in 275 ms
[2017-07-05 14:24:02.078] [INFO] pomelo - [32m[F:\gitHub\HotchIMSocket\node_modules\pomelo\lib\application.js] [39mapplication inited: "connector-server-1"
[2017-07-05 14:24:02.408] [INFO] pomelo - [32m[F:\gitHub\HotchIMSocket\node_modules\pomelo\lib\application.js] [39m"connector-server-1" enter after start...
[2017-07-05 14:24:02.411] [INFO] pomelo - [32m[F:\gitHub\HotchIMSocket\node_modules\pomelo\lib\application.js] [39m"connector-server-1" finish start
[2017-07-05 14:24:02.412] [INFO] pomelo - [32m[F:\gitHub\HotchIMSocket\node_modules\pomelo\lib\application.js] [39m"connector-server-1" startup in 276 ms
[2017-07-05 14:24:17.718] [INFO] pomelo - [32m[F:\gitHub\HotchIMSocket\node_modules\pomelo\lib\application.js] [39mapplication inited: "connector-server-1"
[2017-07-05 14:24:18.051] [INFO] pomelo - [32m[F:\gitHub\HotchIMSocket\node_modules\pomelo\lib\application.js] [39m"connector-server-1" enter after start...
[2017-07-05 14:24:18.055] [INFO] pomelo - [32m[F:\gitHub\HotchIMSocket\node_modules\pomelo\lib\application.js] [39m"connector-server-1" finish start
[2017-07-05 14:24:18.056] [INFO] pomelo - [32m[F:\gitHub\HotchIMSocket\node_modules\pomelo\lib\application.js] [39m"connector-server-1" startup in 280 ms
[2017-07-05 14:27:24.852] [DEBUG] pomelo - [36m[F:\gitHub\HotchIMSocket\node_modules\pomelo\lib\components\connector.js] [39m[connector-server-1] getSession session is created with session id: 1
[2017-07-05 14:27:25.025] [DEBUG] pomelo - [36m[F:\gitHub\HotchIMSocket\node_modules\pomelo\lib\components\connector.js] [39m[connector-server-1] handleMessage session id: 1, msg: {"id":1,"type":0,"compressRoute":1,"route":"connector.entryHandler.enter","body":{"username":"admin","rid":"admin"},"compressGzip":0}
[2017-07-05 14:27:25.028] [DEBUG] pomelo - [36m[F:\gitHub\HotchIMSocket\node_modules\pomelo\lib\components\connector.js] [39msession on [connector-server-1] bind with uid: admin*admin
[2017-07-05 14:27:25.053] [DEBUG] pomelo - [36m[F:\gitHub\HotchIMSocket\node_modules\pomelo\lib\components\connector.js] [39m[connector-server-1] send message reqId: 1, route: connector.entryHandler.enter, msg: {"users":["admin"]}, receivers: [1], opts: {"type":"response","userOptions":{},"isResponse":true}
[2017-07-05 14:27:27.746] [DEBUG] pomelo - [36m[F:\gitHub\HotchIMSocket\node_modules\pomelo\lib\components\connector.js] [39m[connector-server-1] handleMessage session id: 1, msg: {"id":2,"type":0,"compressRoute":1,"route":"chat.chatHandler.send","body":{"rid":"admin","content":{"text":"dase","user":{"_id":1499052531691716,"name":"admin","avatar":"https://facebook.github.io/react/img/logo_og.png"},"createdAt":"2017-07-05T06:27:27.333Z","_id":"b2e449ce-28ef-4adf-b1ef-4bc9c3c8e092"},"from":"admin","target":"*"},"compressGzip":0}
[2017-07-05 14:27:27.762] [DEBUG] pomelo - [36m[F:\gitHub\HotchIMSocket\node_modules\pomelo\lib\components\connector.js] [39m[connector-server-1] send message reqId: 2, route: chat.chatHandler.send, msg: {}, receivers: [1], opts: {"type":"response","userOptions":{},"isResponse":true}
[2017-07-05 14:27:27.766] [DEBUG] pomelo - [36m[F:\gitHub\HotchIMSocket\node_modules\pomelo\lib\common\remote\frontend\channelRemote.js] [39m[connector-server-1] pushMessage uids: ["admin*admin"], msg: {"text":"dase","user":{"_id":1499052531691716,"name":"admin","avatar":"https://facebook.github.io/react/img/logo_og.png"},"createdAt":"2017-07-05T06:27:27.333Z","_id":"b2e449ce-28ef-4adf-b1ef-4bc9c3c8e092"}, sids: [1]
[2017-07-05 14:27:27.766] [DEBUG] pomelo - [36m[F:\gitHub\HotchIMSocket\node_modules\pomelo\lib\components\connector.js] [39m[connector-server-1] send message reqId: null, route: onChat, msg: {"text":"dase","user":{"_id":1499052531691716,"name":"admin","avatar":"https://facebook.github.io/react/img/logo_og.png"},"createdAt":"2017-07-05T06:27:27.333Z","_id":"b2e449ce-28ef-4adf-b1ef-4bc9c3c8e092"}, receivers: [1], opts: {"type":"push","userOptions":{},"isPush":true}
[2017-07-05 14:27:29.514] [DEBUG] pomelo - [36m[F:\gitHub\HotchIMSocket\node_modules\pomelo\lib\components\connector.js] [39m[connector-server-1] handleMessage session id: 1, msg: {"id":3,"type":0,"compressRoute":1,"route":"chat.chatHandler.send","body":{"rid":"admin","content":{"text":"vase","user":{"_id":1499052531691716,"name":"admin","avatar":"https://facebook.github.io/react/img/logo_og.png"},"createdAt":"2017-07-05T06:27:29.096Z","_id":"1b5b13ff-6922-4f90-bed6-4be848046d84"},"from":"admin","target":"*"},"compressGzip":0}
[2017-07-05 14:27:29.516] [DEBUG] pomelo - [36m[F:\gitHub\HotchIMSocket\node_modules\pomelo\lib\common\remote\frontend\channelRemote.js] [39m[connector-server-1] pushMessage uids: ["admin*admin"], msg: {"text":"vase","user":{"_id":1499052531691716,"name":"admin","avatar":"https://facebook.github.io/react/img/logo_og.png"},"createdAt":"2017-07-05T06:27:29.096Z","_id":"1b5b13ff-6922-4f90-bed6-4be848046d84"}, sids: [1]
[2017-07-05 14:27:29.517] [DEBUG] pomelo - [36m[F:\gitHub\HotchIMSocket\node_modules\pomelo\lib\components\connector.js] [39m[connector-server-1] send message reqId: null, route: onChat, msg: {"text":"vase","user":{"_id":1499052531691716,"name":"admin","avatar":"https://facebook.github.io/react/img/logo_og.png"},"createdAt":"2017-07-05T06:27:29.096Z","_id":"1b5b13ff-6922-4f90-bed6-4be848046d84"}, receivers: [1], opts: {"type":"push","userOptions":{},"isPush":true}
[2017-07-05 14:27:29.518] [DEBUG] pomelo - [36m[F:\gitHub\HotchIMSocket\node_modules\pomelo\lib\components\connector.js] [39m[connector-server-1] send message reqId: 3, route: chat.chatHandler.send, msg: {}, receivers: [1], opts: {"type":"response","userOptions":{},"isResponse":true}
[2017-07-05 14:27:35.907] [INFO] pomelo - [32m[F:\gitHub\HotchIMSocket\node_modules\pomelo\lib\application.js] [39mapplication inited: "connector-server-1"
[2017-07-05 14:27:36.243] [INFO] pomelo - [32m[F:\gitHub\HotchIMSocket\node_modules\pomelo\lib\application.js] [39m"connector-server-1" enter after start...
[2017-07-05 14:27:36.247] [INFO] pomelo - [32m[F:\gitHub\HotchIMSocket\node_modules\pomelo\lib\application.js] [39m"connector-server-1" finish start
[2017-07-05 14:27:36.247] [INFO] pomelo - [32m[F:\gitHub\HotchIMSocket\node_modules\pomelo\lib\application.js] [39m"connector-server-1" startup in 279 ms
[2017-07-05 14:27:36.779] [DEBUG] pomelo - [36m[F:\gitHub\HotchIMSocket\node_modules\pomelo\lib\components\connector.js] [39m[connector-server-1] getSession session is created with session id: 1
[2017-07-05 14:27:36.794] [DEBUG] pomelo - [36m[F:\gitHub\HotchIMSocket\node_modules\pomelo\lib\components\connector.js] [39m[connector-server-1] handleMessage session id: 1, msg: {"id":4,"type":0,"compressRoute":1,"route":"connector.entryHandler.enter","body":{"username":"admin","rid":"admin"},"compressGzip":0}
[2017-07-05 14:27:36.798] [DEBUG] pomelo - [36m[F:\gitHub\HotchIMSocket\node_modules\pomelo\lib\components\connector.js] [39msession on [connector-server-1] bind with uid: admin*admin
[2017-07-05 14:27:36.814] [DEBUG] pomelo - [36m[F:\gitHub\HotchIMSocket\node_modules\pomelo\lib\components\connector.js] [39m[connector-server-1] send message reqId: 4, route: connector.entryHandler.enter, msg: {"users":["admin"]}, receivers: [1], opts: {"type":"response","userOptions":{},"isResponse":true}
[2017-07-05 14:31:14.413] [INFO] pomelo - [32m[F:\gitHub\HotchIMSocket\node_modules\pomelo\lib\application.js] [39mapplication inited: "connector-server-1"
[2017-07-05 14:31:14.777] [INFO] pomelo - [32m[F:\gitHub\HotchIMSocket\node_modules\pomelo\lib\application.js] [39m"connector-server-1" enter after start...
[2017-07-05 14:31:14.781] [INFO] pomelo - [32m[F:\gitHub\HotchIMSocket\node_modules\pomelo\lib\application.js] [39m"connector-server-1" finish start
[2017-07-05 14:31:14.781] [INFO] pomelo - [32m[F:\gitHub\HotchIMSocket\node_modules\pomelo\lib\application.js] [39m"connector-server-1" startup in 285 ms
[2017-07-05 14:31:18.241] [DEBUG] pomelo - [36m[F:\gitHub\HotchIMSocket\node_modules\pomelo\lib\components\connector.js] [39m[connector-server-1] getSession session is created with session id: 1
[2017-07-05 14:31:18.249] [DEBUG] pomelo - [36m[F:\gitHub\HotchIMSocket\node_modules\pomelo\lib\components\connector.js] [39m[connector-server-1] handleMessage session id: 1, msg: {"id":5,"type":0,"compressRoute":1,"route":"connector.entryHandler.enter","body":{"username":"admin","rid":"admin"},"compressGzip":0}
[2017-07-05 14:31:18.252] [DEBUG] pomelo - [36m[F:\gitHub\HotchIMSocket\node_modules\pomelo\lib\components\connector.js] [39msession on [connector-server-1] bind with uid: admin*admin
[2017-07-05 14:31:18.263] [DEBUG] pomelo - [36m[F:\gitHub\HotchIMSocket\node_modules\pomelo\lib\components\connector.js] [39m[connector-server-1] send message reqId: 5, route: connector.entryHandler.enter, msg: {"users":["admin"]}, receivers: [1], opts: {"type":"response","userOptions":{},"isResponse":true}
[2017-07-05 14:31:45.552] [DEBUG] pomelo - [36m[F:\gitHub\HotchIMSocket\node_modules\pomelo\lib\common\service\sessionService.js] [39msession on [connector-server-1] is closed with session id: 1
[2017-07-05 15:12:47.986] [INFO] pomelo - [32m[F:\gitHub\HotchIMSocket\node_modules\pomelo\lib\application.js] [39mapplication inited: "connector-server-1"
[2017-07-05 15:12:48.306] [INFO] pomelo - [32m[F:\gitHub\HotchIMSocket\node_modules\pomelo\lib\application.js] [39m"connector-server-1" enter after start...
[2017-07-05 15:12:48.310] [INFO] pomelo - [32m[F:\gitHub\HotchIMSocket\node_modules\pomelo\lib\application.js] [39m"connector-server-1" finish start
[2017-07-05 15:12:48.310] [INFO] pomelo - [32m[F:\gitHub\HotchIMSocket\node_modules\pomelo\lib\application.js] [39m"connector-server-1" startup in 271 ms
